         w __deregister_frame_info
         w __register_frame_info
         w userAppExit
         w userAppInit
00000000 00000802 B __ctru_dev_utf16_buf
00000000 A __sync_synchronize
00000000 b _TLS_MODULE_BASE_
00000000 a shift
00000000 a shift
00000804 00000401 B __ctru_dev_path_buf
00100000 A __start__
00100000 T _start
00100008 T __service_ptr
0010000c T __apt_appid
00100010 T __heap_size
00100014 T __linear_heap_size
00100018 T __system_arglist
0010001c T __system_runflags
00100020 t startup
00100058 t ClearMem
0010006c t ClrLoop
00100094 T _init
001000ac t .udivsi3_skip_div0_test
001000ac T __aeabi_uidiv
001000ac 000001ec T __udivsi3
00100298 00000020 T __aeabi_uidivmod
001002b8 T __aeabi_idiv
001002b8 00000220 T __divsi3
001002c0 t .divsi3_skip_div0_test
001004d8 00000020 T __aeabi_idivmod
001004f8 00000004 W __aeabi_idiv0
001004f8 00000004 W __aeabi_ldiv0
001004fc T __aeabi_drsub
00100504 000002b0 T __aeabi_dsub
00100504 000002b0 T __subdf3
00100508 000002ac T __adddf3
00100508 000002ac T __aeabi_dadd
001007b4 00000024 T __aeabi_ui2d
001007b4 00000024 T __floatunsidf
001007d8 00000028 T __aeabi_i2d
001007d8 00000028 T __floatsidf
00100800 00000048 T __aeabi_f2d
00100800 00000048 T __extendsfdf2
00100848 00000074 T __aeabi_ul2d
00100848 00000074 T __floatundidf
0010085c 00000060 T __aeabi_l2d
0010085c 00000060 T __floatdidf
001008bc T __aeabi_ldivmod
00100990 T __aeabi_uldivmod
001009e8 00000390 T strcmp
00100d70 t __do_global_dtors_aux
00100db0 t frame_dummy
00100ddc 00000070 t handleOperationPress.part.0
00100e4c 000000c0 T handleEqualPress
00100f0c 00000114 T handleUndoPress
00101020 000000c8 T loadButtonImages
001010e8 0000012c T drawBottomScreen
00101214 00000478 T handleOptionButtonPress
0010168c 000000dc T handleButtonPress
00101768 00000080 T handleTouchRelease
001017e8 000000b0 T initialize
00101898 0000004c T cleanUp
001018e4 000000d8 T main
001019bc 00000044 t C2Di_FrameEndHook
00101a00 0000036c T C2D_Init
00101d6c 0000004c T C2D_Fini
00101db8 000000b8 T C2D_Prepare
00101e70 00000048 T C2D_Flush
00101eb8 00000104 T C2D_SceneSize
00101fbc 00000058 T C2D_CreateScreenTarget
00102014 00000064 T C2D_TargetClear
00102078 0000013c T C2Di_CalcQuad
001021b4 00000058 T C2Di_AppendQuad
0010220c 00000550 T C2Di_Update
0010275c 000002b0 T C2D_DrawImage
00102a0c 00000158 T C2D_DrawRectangle
00102b64 0000006c T C2D_SpriteSheetLoadFromHandle
00102bd0 00000048 T C2D_SpriteSheetLoad
00102c18 00000028 T C2D_SpriteSheetFree
00102c40 0000002c T C2D_SpriteSheetGetImage
00102c6c 00000028 T AttrInfo_Init
00102c94 00000094 T AttrInfo_AddLoader
00102d28 00000054 T C3D_SetAttrInfo
00102d7c 00000080 T C3Di_AttrInfoBind
00102dfc 00000004 W C3Di_LightEnvUpdate
00102e00 00000004 W C3Di_LightEnvDirty
00102e04 000000b4 t C3Di_AptEventHook
00102eb8 00000004 W C3Di_GasUpdate
00102ebc 000001d0 T C3D_Init
0010308c 00000098 T C3D_SetViewport
00103124 000004e8 T C3Di_UpdateContext
0010360c 000000e0 T C3Di_SplitFrame
001036ec 00000044 T C3D_Fini
00103730 00000194 T C3D_BindProgram
001038c4 00000024 T BufInfo_Init
001038e8 00000080 T BufInfo_Add
00103968 0000003c T C3D_SetBufInfo
001039a4 00000048 T C3Di_BufInfoBind
001039ec 0000021c T C3D_DrawElements
00103c08 00000040 T C3D_DepthMap
00103c48 0000001c T C3D_CullFace
00103c64 00000040 T C3D_StencilTest
00103ca4 00000024 T C3D_StencilOp
00103cc8 0000001c T C3D_BlendingColor
00103ce4 00000024 T C3D_EarlyDepthTest
00103d08 0000002c T C3D_DepthTest
00103d34 0000002c T C3D_AlphaTest
00103d60 00000050 T C3D_AlphaBlend
00103db0 00000030 T C3D_FragOpMode
00103de0 00000044 T C3D_FragOpShadow
00103e24 000001ac T C3Di_EffectBind
00103fd0 0000001c T C3D_CalcColorBufSize
00103fec 0000001c T C3D_CalcDepthBufSize
00104008 00000044 T C3D_SetFrameBuf
0010404c 0000016c T C3Di_FrameBufBind
001041b8 000000c8 T C3D_FrameBufClear
00104280 00000044 T C3D_FrameBufTransfer
001042c4 000000a8 T C3D_ImmSendAttrib
0010436c 00000070 T C3D_ProcTexInit
001043dc 00000054 T C3D_ProcTexBind
00104430 0000005c T C3D_ProcTexLutBind
0010448c 000000a4 T ProcTexLut_FromArray
00104530 00000178 T C3Di_ProcTexUpdate
001046a8 00000068 T C3Di_ProcTexDirty
00104710 0000004c t onVBlank0
0010475c 0000004c t onVBlank1
001047a8 00000080 t C3Di_RenderTargetDestroy
00104828 000000f4 t onQueueFinish
0010491c 00000038 T C3Di_RenderQueueEnableVBlank
00104954 00000030 T C3Di_RenderQueueDisableVBlank
00104984 00000060 T C3Di_RenderQueueInit
001049e4 000000b4 T C3Di_RenderQueueExit
00104a98 00000034 T C3Di_RenderQueueWaitDone
00104acc 000000e8 T C3D_FrameBegin
00104bb4 00000048 T C3D_FrameDrawOn
00104bfc 00000058 T C3D_FrameSplit
00104c54 000001d0 T C3D_FrameEnd
00104e24 0000001c T C3D_FrameEndHook
00104e40 00000170 T C3D_RenderTargetCreate
00104fb0 000000a8 T C3D_RenderTargetSetOutput
00105058 000000fc T C3D_SyncTextureCopy
00105154 000003d8 t Tex3DSi_ImportCommon
0010552c 00000038 T Tex3DS_TextureImportStdio
00105564 0000001c T Tex3DS_GetSubTexture
00105580 00000004 T Tex3DS_TextureFree
00105584 00000034 T C3D_GetTexEnv
001055b8 00000024 T C3Di_TexEnvBind
001055dc 00000290 T C3D_TexInitWithParams
0010586c 000000c8 T C3D_TexLoadImage
00105934 00000044 T C3D_TexBind
00105978 00000074 T C3D_TexDelete
001059ec 0000014c T C3Di_SetTex
00105b38 00000290 T C3D_UpdateUniforms
00105dc8 000000c0 T C3Di_DirtyUniforms
00105e88 000000d8 T C3Di_LoadShaderUniforms
00105f60 00000028 T C3Di_ClearShaderUniforms
00105f88 000000cc T Mtx_Ortho
00106054 000000cc T Mtx_OrthoTilt
00106120 00000024 t addrMapNodeComparator(rbtree_node const*, rbtree_node const*)
00106144 00000004 t addrMapNodeDestructor(rbtree_node*)
00106148 00000120 T linearMemAlign
00106268 00000008 T linearAlloc
00106270 0000005c T linearFree
001062cc 00000084 T MemPool::CoalesceRight(MemBlock*)
00106350 00000150 T MemPool::Allocate(MemChunk&, unsigned long, int)
001064a0 000000fc T MemPool::Deallocate(MemChunk const&)
0010659c 00000030 T MemPool::GetFreeSpace()
001065cc 00000024 t addrMapNodeComparator(rbtree_node const*, rbtree_node const*)
001065f0 00000004 t addrMapNodeDestructor(rbtree_node*)
001065f4 00000244 T vramMemAlignAt
00106838 0000000c T vramAlloc
00106844 0000000c T vramAllocAt
00106850 00000090 T vramFree
001068e0 0000045c t consoleHandleColorEsc
00106d3c 000000b8 t consoleColorStateShift
00106df4 000001ac T consoleDrawChar
00106fa0 0000011c T consolePrintChar
001070bc 000005ec T con_write
001076a8 00000124 t newRow
001077cc 0000018c T consoleInit
00107958 000000b8 T consoleClear
00107a10 000000d0 t gfxPresentFramebuffer
00107ae0 0000001c T gfxIsWide
00107afc 000000ec T gfxSetScreenFormat
00107be8 00000010 T gfxSetDoubleBuffering
00107bf8 000000d8 T gfxInit
00107cd0 00000010 T gfxInitDefault
00107ce0 000000b4 T gfxExit
00107d94 000000a0 T gfxGetFramebuffer
00107e34 00000100 T gfxFlushBuffers
00107f34 00000030 T gfxScreenSwapBuffers
00107f64 00000050 T gfxSwapBuffersGpu
00107fb4 00000074 T osConvertVirtToPhys
00108028 00000054 T osGetTimeRef
0010807c 000000ec T osGetTime
00108168 00000034 T __ctru_speedup_config
0010819c 00000008 t romfs_close
001081a4 000000c4 t romfs_seek
00108268 00000024 t romfs_dirreset
0010828c 000000c8 t fill_dir
00108354 000002a8 t romfs_dirnext
001085fc 00000074 t romfs_free
00108670 000000d4 t searchForFile.constprop.0
00108744 000000d8 t searchForDir.constprop.0
0010881c 000001c0 t navigateToDir.constprop.0
001089dc 0000010c t romfs_open
00108ae8 0000004c t romfs_chdir
00108b34 00000070 t romfs_diropen
00108ba4 00000174 t romfs_stat
00108d18 00000008 t romfs_dirclose
00108d20 00000084 t romfs_fstat
00108da4 000000d0 t romfs_read
00108e74 0000028c T romfsMountFromFile
00109100 00000098 T romfsMountFromCurrentProcess
00109198 00000260 T romfsMountSelf
001093f8 000000a4 T romfsUnmount
0010949c 0000013c T GPUCMD_Add
001095d8 000000b0 T GPUCMD_Split
00109688 00000034 T f32tof16
001096bc 00000034 T f32tof24
001096f0 00000038 T f32tof31
00109728 00000010 T GX_BindQueue
00109738 00000078 T GX_ProcessCommandList
001097b0 00000074 T GX_MemoryFill
00109824 00000070 T GX_DisplayTransfer
00109894 00000074 T GX_TextureCopy
00109908 00000068 t gxCmdQueueDoCommands.part.0
00109970 000000c8 T gxCmdQueueInterrupt
00109a38 0000004c T gxCmdQueueClear
00109a84 000000f8 T gxCmdQueueAdd
00109b7c 00000080 T gxCmdQueueRun
00109bfc 00000060 T gxCmdQueueStop
00109c5c 0000008c T gxCmdQueueWait
00109ce8 000001d0 T shaderInstanceInit
00109eb8 00000018 T shaderInstanceGetUniformLocation
00109ed0 0000001c T shaderProgramInit
00109eec 00000064 T shaderProgramFree
00109f50 00000080 T shaderProgramSetVsh
00109fd0 000008d0 T shaderProgramConfigure
0010a8a0 000001dc t DVLE_GenerateOutmap.part.0
0010aa7c 000001b0 T DVLB_ParseFile
0010ac2c 00000038 T DVLB_Free
0010ac64 00000074 T DVLE_GetUniformRegister
0010acd8 000001b0 t aptConvertScreenForCapture
0010ae88 00000008 W aptDspSleep
0010ae90 00000004 W aptDspWakeup
0010ae94 00000004 W aptDspCancel
0010ae98 00000158 T aptSendCommand
0010aff0 00000044 t aptExitProcess
0010b034 00000380 T aptExit
0010b3b4 000000d8 T aptHandleSleep
0010b48c 00000030 T aptHook
0010b4bc 00000030 T aptUnhook
0010b4ec 00000084 T APT_SleepIfShellClosed
0010b570 00000078 T aptSetSleepAllowed
0010b5e8 00000084 T APT_UnlockTransition
0010b670 00000478 t aptEventHandler
0010bae8 000000b0 T APT_ReceiveParameter
0010bb98 000000ac t aptReceiveParameter.constprop.0
0010bc48 00000294 t aptScreenTransfer
0010bedc 000002c8 t aptWaitForWakeUp.isra.0
0010c1a4 000000f4 T aptJumpToHomeMenu
0010c298 00000048 T aptMainLoop
0010c2e0 0000022c T aptInit
0010c50c 0000007c T APT_CheckNew3DS
0010c588 000001d0 T csndInit
0010c758 000000d0 T fsInit
0010c828 0000003c T fsExit
0010c864 00000060 T fsExemptFromSession
0010c8c4 00000050 T fsUnexemptFromSession
0010c914 000000cc T FSUSER_OpenFile
0010c9e0 000000d4 T FSUSER_OpenFileDirectly
0010cab4 000000bc T FSUSER_DeleteFile
0010cb70 000000f8 T FSUSER_RenameFile
0010cc68 000000bc T FSUSER_DeleteDirectory
0010cd24 000000d4 T FSUSER_CreateFile
0010cdf8 000000c4 T FSUSER_CreateDirectory
0010cebc 000000f8 T FSUSER_RenameDirectory
0010cfb4 000000b4 T FSUSER_OpenDirectory
0010d068 00000094 T FSUSER_OpenArchive
0010d0fc 0000008c T FSUSER_CloseArchive
0010d188 00000074 T FSUSER_GetSdmcArchiveResource
0010d1fc 00000064 T FSUSER_IsSdmcWritable
0010d260 00000058 T FSFILE_Read
0010d2b8 00000060 T FSFILE_Write
0010d318 00000038 T FSFILE_GetSize
0010d350 00000028 T FSFILE_SetSize
0010d378 0000003c T FSFILE_Close
0010d3b4 00000024 T FSFILE_Flush
0010d3d8 00000050 T FSDIR_Read
0010d428 0000003c T FSDIR_Close
0010d464 00000c70 t gspHardwareInit
0010e0d4 00000248 T gspInit
0010e31c 000000e4 T gspExit
0010e400 00000010 T gspHasGpuRight
0010e410 000000a0 T gspPresentBuffer
0010e4b0 00000030 T gspSetEventCallback
0010e4e0 00000044 T gspWaitForEvent
0010e524 0000004c T gspWaitForAnyEvent
0010e570 00000160 t gspEventThreadMain
0010e6d0 00000130 T gspSubmitGxCommand
0010e800 00000050 T GSPGPU_FlushDataCache
0010e850 00000034 T GSPGPU_SetLcdForceBlack
0010e884 00000068 T GSPGPU_AcquireRight
0010e8ec 00000048 T GSPGPU_ReleaseRight
0010e934 0000007c T GSPGPU_ImportDisplayCaptureInfo
0010e9b0 0000002c T GSPGPU_SaveVramSysArea
0010e9dc 0000002c T GSPGPU_RestoreVramSysArea
0010ea08 00000024 W hidShouldUseIrrst
0010ea2c 0000018c T hidInit
0010ebb8 000000e8 T hidExit
0010eca0 000002a4 T hidScanInput
0010ef44 00000010 T hidKeysDown
0010ef54 00000018 T hidTouchRead
0010ef6c 00000160 T irrstInit
0010f0cc 000000cc T irrstExit
0010f198 000000b4 T irrstScanInput
0010f24c 00000024 T irrstKeysHeld
0010f270 00000074 T ptmSysmInit
0010f2e4 0000003c T ptmSysmExit
0010f320 00000034 T PTMSYSM_ConfigureNew3DSCPU
0010f354 000000e0 t buffer_read
0010f434 000000cc t iov_read
0010f500 00000148 t iov_memmove
0010f648 000001dc t decompress_rle
0010f824 0000026c t decompress_lzss
0010fa90 0000042c t decompress_lz11
0010febc 0000036c t decompress_huff
00110228 00000010 T decompressCallback_Stdio
00110238 000000e4 T decompressHeader
0011031c 00000200 T decompressV
0011051c 00000074 T rbtree_find
00110590 00000010 T rbtree_init
001105a0 0000019c t do_insert
0011073c 00000008 T rbtree_insert
00110744 00000310 T rbtree_remove
00110a54 00000090 T rbtree_rotate
00110ae4 000000e8 T utf16_to_utf8
00110bcc 000000c0 T utf8_to_utf16
00110c90 000001e0 W __system_allocateHeaps
00110e70 00000038 W __libctru_init
00110ea8 00000160 W __system_initArgv
00111008 00000030 T __syscall_getreent
00111038 00000064 T __syscall_gettod_r
0011109c 00000004 T __syscall_lock_acquire
001110a0 00000004 T __syscall_lock_release
001110a4 00000004 T __syscall_lock_acquire_recursive
001110a8 00000004 T __syscall_lock_release_recursive
001110ac 00000004 T __syscall_exit
001110b0 00000050 T initThreadVars
00111100 00000080 T __system_initSyscalls
00111180 T svcControlMemory
001111a0 T svcQueryMemory
001111d0 T svcExitProcess
001111d8 T svcCreateThread
001111f8 T svcExitThread
00111200 T svcSleepThread
00111208 T svcReleaseMutex
00111210 T svcCreateEvent
00111224 T svcSignalEvent
0011122c T svcClearEvent
00111234 T svcMapMemoryBlock
0011123c T svcUnmapMemoryBlock
00111244 T svcCreateAddressArbiter
00111258 T svcArbitrateAddressNoTimeout
00111260 T svcCloseHandle
00111268 T svcWaitSynchronization
00111270 T svcWaitSynchronizationN
00111298 T svcDuplicateHandle
001112ac T svcGetSystemTick
001112b4 T svcConnectToPort
001112c8 T svcSendSyncRequest
001112d0 T svcGetResourceLimit
001112e4 T svcGetResourceLimitLimitValues
001112ec T svcGetResourceLimitCurrentValues
001112f4 T svcBreak
001112fc T __aeabi_read_tp
00111308 W initSystem
00111358 W __ctru_exit
0011136c 00000084 W envGetHandle
001113f0 00000050 W envDestroyHandles
00111440 0000012c T srvInit
0011156c 00000058 T srvExit
001115c4 00000060 T srvEnableNotification
00111624 000000a0 T srvGetServiceHandleDirect
001116c4 00000038 T srvGetServiceHandle
001116fc 00000034 T srvSubscribe
00111730 00000060 T srvReceiveNotification
00111790 00000038 T srvPublishToSubscriber
001117c8 0000000c T __sync_init
001117d4 00000018 T __sync_fini
001117ec 0000002c T syncArbitrateAddress
00111818 000000b0 T LightLock_Lock
001118c8 00000040 T LightLock_Unlock
00111908 00000030 T RecursiveLock_Lock
00111938 00000054 T RecursiveLock_Unlock
0011198c 00000040 T LightEvent_Init
001119cc 000000a4 T LightEvent_Clear
00111a70 000000c8 T LightEvent_Signal
00111b38 00000050 T LightEvent_TryWait
00111b88 000000a0 T LightEvent_Wait
00111c28 000001d4 T threadCreate
00111dfc 0000002c T threadFree
00111e28 00000024 T threadJoin
00111e4c 00000030 T threadGetCurrent
00111e7c 00000040 T threadExit
00111ebc 00000020 t _thread_begin
00111edc 00000090 t mappableFindAddressWithin
00111f6c 00000028 T mappableInit
00111f94 00000080 T mappableAlloc
00112014 00000004 T mappableFree
00112018 0000000c T srvPmGetSessionHandle
00112024 0000005c T rbtree_node_next
00112080 00000064 T decode_utf16
001120e4 0000013c T decode_utf8
00112220 00000054 T encode_utf16
00112274 000000e0 T encode_utf8
00112354 00000030 W __appExit
00112384 00000030 W __appInit
001123b4 00000090 W __libctru_exit
00112444 00000014 t archive_link
00112458 00000014 t archive_dirreset
0011246c 00000014 t archive_chmod
00112480 00000024 t error_cmp
001124a4 00000050 t archive_translate_error
001124f4 000000c4 t archive_seek
001125b8 00000078 t _archiveInit.part.0
00112630 000000c4 t archiveFindDevice.part.0
001126f4 00000290 t archive_utf16path
00112984 0000009c t _archiveUnmountDeviceStruct.part.0
00112a20 00000014 t archive_statvfs
00112a34 00000014 t archive_fchmod
00112a48 00000168 t _archiveMountDevice
00112bb0 000000e8 t archive_diropen
00112c98 000000a4 t archive_fstat
00112d3c 0000006c t archive_fsync
00112da8 0000006c t archive_close
00112e14 00000070 t archive_dirclose
00112e84 000000e4 t sdmc_statvfs
00112f68 000000ec t archive_chdir
00113054 0000007c t archive_ftruncate
001130d0 000000ac t archive_read
0011317c 000000a4 t archive_unlink
00113220 000000bc t archive_rmdir
001132dc 000000dc t archive_mkdir
001133b8 00000194 t archive_stat
0011354c 0000015c t archive_dirnext
001136a8 00000124 t archive_write
001137d0 00000210 t archive_open
001139e0 00000268 t archive_rename
00113c48 0000019c T archiveMountSdmc
00113de4 00000054 T archiveUnmountAll
00113e38 0000025c T sinf
00114094 00000024 t with_errnof
001140b8 0000001c T __math_invalidf
001140d8 0000021c T cosf
001142f4 00000120 T __udivmoddi4
00114414 000000d8 T strncmp
001144ec 00000130 T strchr
0011461c 0000005c T strlen
00114678 00000068 T sprintf
001146e0 000000d4 T memcmp
001147b4 000001e4 t _strtoul_l.isra.0
00114998 00000034 T strtoul
001149cc 000000e4 T strncat
00114ab0 00000078 T bsearch
00114b28 00000344 T _fread_r
00114e6c 00000038 T fread
00114ea4 00000020 T calloc
00114ec4 00000038 t lflush
00114efc 0000019c T __srefill_r
00115098 00000148 T _fclose_r
001151e0 00000018 T fclose
001151f8 000000c0 T _calloc_r
001152b8 00000144 T __smakebuf_r
001153fc 0000008c T __swhatbuf_r
00115488 00000020 T memalign
001154a8 0000001c t stdio_exit_handler
001154c4 0000005c t cleanup_stdio
00115520 00000154 t global_stdio_init.part.0
00115674 00000134 T __sfp
001157a8 0000005c T __sinit
00115804 0000000c T __sfp_lock_acquire
00115810 0000000c T __sfp_lock_release
0011581c 000007e8 T _malloc_r
00116004 000000f8 T _malloc_trim_r
001160fc 00000300 T _free_r
001163fc 000005e4 t get_arg
001169e0 0000335c T _svfprintf_r
00119d3c 00000294 T setvbuf
00119fd0 0000004c T strnlen
0011a01c 0000000c T __errno
0011a028 00000034 T malloc
0011a05c 00000018 T free
0011a074 00000130 T memcpy
0011a1a4 00000034 T printf
0011a1d8 00000134 T _fopen_r
0011a30c 00000020 T fopen
0011a32c 0000004c T time
0011a378 000000e0 T _puts_r
0011a458 00000018 T puts
0011a470 000000e8 T memset
0011a558 00000070 T _fwalk_sglue
0011a5c8 0000000c T __malloc_lock
0011a5d4 0000000c T __malloc_unlock
0011a5e0 00000004 W __call_exitprocs
0011a5e4 00000030 T exit
0011a614 0000001c T _fseek_r
0011a630 000000d4 T snprintf
0011a704 000000c4 T strncpy
0011a7c8 00000028 T _wcsrtombs_r
0011a7f0 000000b4 T __sflags
0011a8a4 00000084 T __libc_init_array
0011a928 00000228 T __sflush_r
0011ab50 00000094 T _fflush_r
0011abe8 00000088 T frexp
0011ac70 00000480 T __sfvwrite_r
0011b0f0 00000024 T __locale_mb_cur_max
0011b114 000000a4 T __ssprint_r
0011b1b8 00000150 T _memalign_r
0011b308 000000e0 T memchr
0011b3e8 00000160 T _wcsnrtombs_l
0011b548 00000064 T _wcsnrtombs_r
0011b5ac 00000324 T __utf8_mbtowc
0011b8d0 0000003c T __libc_fini_array
0011b90c 0000058c T _fseeko_r
0011be98 00000044 T __sread
0011bedc 00000068 T __swrite
0011bf44 00000040 T __sseek
0011bf84 00000008 T __sclose
0011bf8c 00000024 T _localeconv_r
0011bfb0 000005e4 t get_arg
0011c598 0000342c T _vfprintf_r
0011f9c4 000000b8 t __sbprintf
0011fa7c 000001b4 t quorem
0011fc30 00001370 T _dtoa_r
00120fa0 000000a0 T _wcrtomb_r
00121040 000004a4 T _realloc_r
001214e4 00000128 T __ssputs_r
0012160c 000000f0 T __utf8_wctomb
001216fc 00000194 T __swsetup_r
00121890 00000160 T memmove
001219f0 0000005c T __assert_func
00121a4c 00000088 T _Balloc
00121ad4 0000001c T _Bfree
00121af0 000000f4 T __multadd
00121be4 00000080 T __hi0bits
00121c64 000000f4 T __lo0bits
00121d58 000000a4 T __i2b
00121dfc 00000208 T __multiply
00122004 00000130 T __pow5mult
00122134 00000138 T __lshift
0012226c 00000058 T __mcmp
001222c4 000001f0 T __mdiff
001224b4 00000120 T __d2b
001225d4 0000003c T fiprintf
00122610 00000030 T __sprint_r
00122640 00000014 T abort
00122654 00000090 T _raise_r
001226e4 00000018 T raise
001226fc 000005e4 t get_arg
00122ce0 00002264 T _vfiprintf_r
00124f44 000000b8 t __sbprintf
00124ffc 00000020 T _exit
0012501c 0000013c T chdir
00125158 000001cc T _concatenate_path
00125324 00000088 T _fstat_r
001253ac 00000014 T _getpid_r
001253c0 0000002c T __getreent
001253ec 00000030 T _gettimeofday_r
0012541c 0000008c T __release_handle
001254a8 000000b0 T __alloc_handle
00125558 0000003c T __get_handle
00125594 000000f4 T _close_r
00125688 00000008 t null_write
00125690 00000018 T setDefaultDevice
001256a8 000000c8 T FindDevice
00125770 00000028 T RemoveDevice
00125798 00000098 T AddDevice
00125830 00000020 T GetDeviceOpTab
00125850 00000008 T _isatty_r
00125858 00000014 T _kill_r
0012586c 0000008c T _lseek_r
001258f8 000000bc T _open_r
001259b4 00000088 T _read_r
00125a3c 00000078 W _sbrk_r
00125ab4 0000001c T __libc_lock_acquire
00125ad0 0000001c T __libc_lock_release
00125aec 0000001c T __libc_lock_acquire_recursive
00125b08 0000001c T __libc_lock_release_recursive
00125b24 00000088 T _write_r
00125bac 00000048 T strrchr
00125bf4 T _fini
00126338 r .LC2
00126418 00000008 r s_defaultTint.0
00126420 R render2d_shbin
001265ac R render2d_shbin_end
001265ac R render2d_shbin_size
001265b0 00000004 r depthFmtSizes
001265b4 00000005 r colorFmtSizes
001265bc 00000010 r CSWTCH.11
001265cc 00000038 r CSWTCH.19
001266bc 00000080 r dotab_stdout
0012673c 00000018 r grayScale
00126754 00000006 r colorCube
0012675c 00000030 r colorTable
0012678c 00000080 r romFS_devoptab
00126834 00000008 r morton_y.2
0012683c 00000008 r morton_x.3
00126844 00000008 r s_sleepWakeEvents.4
00126870 R default_font_bin
00127070 R default_font_bin_end
00127070 00000030 r error_table
001270a0 00000080 r archive_devoptab
00127120 00000060 R __inv_pio4
00127180 000000e0 R __sincosf_table
00127388 00000010 r zeroes.0
00127398 00000010 r blanks.1
001273a8 00000101 R _ctype_
001274ac 0000006c R __action_table
00127518 0000006c R __state_table
00127584 00000100 R __chclass
00127770 00000010 r zeroes.0
00127780 00000010 r blanks.1
00127798 0000000c r p05.0
001277a8 00000028 R __mprec_bigtens
001277d0 000000c8 R __mprec_tens
00127984 00000010 r zeroes.0
00127994 00000010 r blanks.1
001279a4 00000080 R dotab_stdnull
00127a24 R __tdata_align
00127a28 r __EH_FRAME_BEGIN__
00127a28 R __exidx_end
00127a28 R __exidx_start
00128000 00000004 D outputBufferIndex
00128004 00000001 D topNeedsRedraw
00128008 00000040 D buttonImageNames
00128048 00000008 d framerateCounter
00128050 00000004 d framerate
00128054 00000001 d firstConsoleInit.0
00128058 00000004 D currentConsole
0012805c 00000048 D defaultConsole
001280a4 00000004 d queueLock
001280a8 00000004 d aptChainloadDeliverArgSize
001280ac 00000004 d kCount
001280b0 00000004 d kInterval
001280b4 00000004 d kDelay
001280b8 W __stacksize__
001280bc 00000004 D _impure_ptr
001280c0 00000120 D _impure_data
001281e0 0000000c D __sglue
001281ec 00000004 D __malloc_sbrk_base
001281f0 00000004 D __malloc_trim_threshold
001281f8 00000408 D __malloc_av_
00128600 0000016c D __global_locale
0012876c 00000400 d _current_working_directory
00128b70 00001000 d handles
00129b70 0000000c d __stderr_handle
00129b7c 0000000c d __stdout_handle
00129b88 0000000c d __stdin_handle
00129b94 0000008c D devoptab_list
00129c20 00000004 d defaultDevice
00129c2c d _GLOBAL_OFFSET_TABLE_
00129c38 d __frame_dummy_init_array_entry
00129c38 D __init_array_start
00129c38 B __preinit_array_end
00129c38 B __preinit_array_start
00129c38 D __tdata_lma
00129c38 D __tdata_lma_end
00129c3c d __do_global_dtors_aux_fini_array_entry
00129c3c D __fini_array_start
00129c3c D __init_array_end
00129c40 D __bss_start__
00129c40 D __fini_array_end
00129c40 000000c8 B outputBuffer
00129d08 00000001 B operation
00129d0c 00000004 B firstNumber
00129d10 00000004 B secondNumber
00129d14 00000040 B buttonSheets
00129d54 00000080 B buttonImages
00129dd4 00000010 B buttonPressed
00129de4 b completed.1
00129de8 b object.0
00129e00 000005a8 B __C2Di_Context
0012a3a8 00000040 b s_projBot
0012a3e8 00000040 b s_projTop
0012a428 00000004 b uLoc_mdlvMtx
0012a42c 00000004 b uLoc_projMtx
0012a430 0000000c b hookCookie
0012a440 000002d0 B __C3D_Context
0012a710 00000004 b frameEndCbData
0012a714 00000004 b frameEndCb
0012a718 00000008 b frameCounter
0012a720 00000001 b isTopStereo
0012a721 00000001 b needSwapBot
0012a722 00000001 b needSwapTop
0012a723 00000001 b measureGpuTime
0012a724 00000001 b inSafeTransfer
0012a725 00000001 b inFrame
0012a728 00000010 b cpuTime
0012a738 00000010 b gpuTime
0012a748 0000000c b linkedTarget
0012a754 00000004 b lastTarget
0012a758 00000004 b firstTarget
0012a75c 00000008 b C3Di_IVUnifEverDirty
0012a764 000000c0 b C3Di_FVUnifEverDirty
0012a824 00000018 b C3Di_ShaderFVecData
0012a83c 00000002 B C3D_BoolUnifsDirty
0012a840 00000008 B C3D_IVUnifDirty
0012a848 000000c0 B C3D_FVUnifDirty
0012a908 00000004 B C3D_BoolUnifs
0012a90c 00000020 B C3D_IVUnif
0012a92c 00000c00 B C3D_FVUnif
0012b530 00000008 b sLinearPool
0012b538 0000000c b sAddrMap
0012b548 00000008 b sVramPoolB
0012b550 00000008 b sVramPoolA
0012b558 0000000c b sAddrMap
0012b564 0000001c b escapeSeq
0012b580 00000048 B currentCopy
0012b5c8 00000004 b screenAlloc
0012b5cc 00000004 b screenFree
0012b5d0 00000002 b gfxIsDoubleBuf
0012b5d4 00000002 b gfxCurBuf
0012b5d6 00000001 b gfxIsVram
0012b5d7 00000001 b gfxTopMode
0012b5d8 00000002 b gfxFramebufferFormats
0012b5dc 00000004 b gfxBottomFramebufferMaxSize
0012b5e0 00000004 b gfxTopFramebufferMaxSize
0012b5e8 00000008 b gfxBottomFramebuffers
0012b5f0 00000008 b gfxTopFramebuffers
0012b5f8 00000001 V __ctru_speedup
0012b5fc 00000004 b romfs_mount_list
0012b600 00000004 V __romfs_path
0012b604 00000004 B gpuCmdBufOffset
0012b608 00000004 B gpuCmdBufSize
0012b60c 00000004 B gpuCmdBuf
0012b610 00000004 b boundQueue
0012b614 00000001 b shouldStop
0012b615 00000001 b isRunning
0012b616 00000001 b isActive
0012b618 00000004 b curQueue
0012b61c 00000001 b flagValue.0
0012b61d 00000001 b flagInit.1
0012b620 00000004 b serviceName.6
0012b624 00000001 b aptChainloadFlags
0012b625 00000001 b aptChainloadMediatype
0012b628 00000020 b aptChainloadHmac
0012b648 00000300 b aptChainloadDeliverArg
0012b948 00000008 b aptChainloadTid
0012b950 00001000 b aptParameters
0012c950 00000004 b aptFlags
0012c954 00000001 b aptHomeButtonState
0012c958 00000004 b aptMessageFuncData
0012c95c 00000004 b aptMessageFunc
0012c960 0000000c b aptFirstHook
0012c96c 00000001 b aptEventHandlerThreadQuit
0012c970 00000004 b aptEventHandlerThread
0012c974 00000008 b aptSleepEvent
0012c97c 00000008 b aptReceiveEvent
0012c984 00000008 b aptEvents
0012c98c 00000004 b aptLockHandle
0012c990 00000004 b aptRefCount
0012c994 00000004 b csndRefCount
0012c998 00000004 b csndSharedMemBlock
0012c99c 00000004 b csndMutex
0012c9a0 00000004 b csndHandle
0012c9a4 00000010 B csndOffsets
0012c9b4 00000004 B csndChannels
0012c9b8 00000004 B csndSharedMemSize
0012c9bc 00000004 B csndSharedMem
0012c9c0 00000080 b fsExemptArchives
0012ca40 00000004 b fsuRefCount
0012ca44 00000004 b fsuHandle
0012ca48 00000007 b gspEventCbOneShot
0012ca50 0000001c b gspEventCbData
0012ca6c 0000001c b gspEventCb
0012ca88 00000038 b gspEvents
0012cac0 00000004 b gspLastEvent
0012cac4 00000001 b gspRunEvents
0012cac8 00000004 b gspEventThread
0012cacc 00000004 b gspEvent
0012cad0 00000001 b gspGpuRight
0012cad1 00000001 b gspThreadId
0012cad4 00000004 b gspSharedMem
0012cad8 00000004 b gspSharedMemHandle
0012cadc 00000004 b gspRefCount
0012cae0 00000004 b gspGpuHandle
0012cae4 00000001 b usingIrrst
0012cae8 00000004 b hidRefCount
0012caec 00000006 b gRate
0012caf4 00000006 b aVec
0012cafc 00000004 b cPos
0012cb00 00000004 b tPos
0012cb04 00000004 b kRepeat
0012cb08 00000004 b kUp
0012cb0c 00000004 b kDown
0012cb10 00000004 b kHeld
0012cb14 00000004 b kOld
0012cb18 00000004 B hidSharedMem
0012cb1c 00000014 B hidEvents
0012cb30 00000004 B hidMemHandle
0012cb34 00000004 B hidHandle
0012cb38 00000004 b irrstRefCount
0012cb3c 00000004 b csPos
0012cb40 00000004 b kHeld
0012cb44 00000004 B irrstSharedMem
0012cb48 00000004 B irrstEvent
0012cb4c 00000004 B irrstMemHandle
0012cb50 00000004 B irrstHandle
0012cb54 00000004 b ptmSysmRefCount
0012cb58 00000004 b ptmSysmHandle
0012cb5c 00000004 V __ctru_linear_heap_size
0012cb60 00000004 V __ctru_heap_size
0012cb64 00000004 B __ctru_linear_heap
0012cb68 00000004 B __ctru_heap
0012cb6c 00000004 B __system_retAddr
0012cb70 00000004 B __system_argv
0012cb74 00000004 B __system_argc
0012cb78 b saved_stack
0012cb80 00000004 B __3dslink_host
0012cb84 00000004 b srvRefCount
0012cb88 00000004 b srvHandle
0012cb8c 00000004 b arbiter
0012cb90 00000004 b currentAddr
0012cb94 00000004 b maxAddr
0012cb98 00000004 b minAddr
0012cb9c 00000004 b srvPmHandle
0012cba0 000005c0 b archive_devices
0012d160 00000004 b archive_device_cwd
0012d164 00000001 b archive_initialized
0012d168 0000000c b __sfp_recursive_mutex
0012d178 00000168 B __sf
0012d2e0 00000004 B __stdio_exit_handler
0012d2e4 00000028 B __malloc_current_mallinfo
0012d30c 00000004 B __malloc_max_total_mem
0012d310 00000004 B __malloc_max_sbrked_mem
0012d314 00000004 B __malloc_top_pad
0012d318 0000000c b __malloc_recursive_mutex
0012d324 00000400 b temp_cwd
0012d724 00000004 b __hndl_lock
0012d728 00000004 B fake_heap_start
0012d72c 00000004 B fake_heap_end
0012d730 00000004 b heap_start.0
0012d734 B __tls_start
0012e33c B __bss_end__
0012e33c A __end__
0012e33c B __tls_end
